[main 03e85ad]  Added :  src/BubbleSort.java cronlog.log
 2 files changed, 2 insertions(+)
 create mode 100644 cronlog.log
 create mode 100644 src/BubbleSort.java
To https://github.com/Chedvihas/LeetCodeJava.git
   478ad3c..03e85ad  main -> main
branch 'main' set up to track 'origin/main'.
Everything up-to-date
[main e0324d8]  Added :  cronlog.log src/BubbleSort.java src/InsertionSort.java src/numPairsLessThanTarget.java out/production/SER222/InsertionSort.class out/production/SER222/numPairsLessThanTarget.class | Updated : cronlog.log
 6 files changed, 88 insertions(+), 2 deletions(-)
 create mode 100644 out/production/SER222/InsertionSort.class
 create mode 100644 out/production/SER222/numPairsLessThanTarget.class
 delete mode 100644 src/BubbleSort.java
 create mode 100644 src/InsertionSort.java
 create mode 100644 src/numPairsLessThanTarget.java
To https://github.com/Chedvihas/LeetCodeJava.git
   03e85ad..e0324d8  main -> main
branch 'main' set up to track 'origin/main'.
Everything up-to-date
[main 59a062c]  Added :  cronlog.log | Updated : cronlog.log
 1 file changed, 11 insertions(+)
To https://github.com/Chedvihas/LeetCodeJava.git
   e0324d8..59a062c  main -> main
branch 'main' set up to track 'origin/main'.
Everything up-to-date
